Using pre-set license
Built from '2020.2/release' branch; Version is '2020.2.1f1 (270dd8c3da1c) revision 2559448'; Using compiler version '192528614'; Build Type 'Release'
OS: 'Windows 10  (10.0.0) 64bit' Language: 'en' Physical Memory: 16318 MB
BatchMode: 1, IsHumanControllingUs: 0, StartBugReporterOnCrash: 0, Is64bit: 1, IsPro: 0

 COMMAND LINE ARGUMENTS:
C:\Program Files\Unity\Hub\Editor\2020.2.1f1\Editor\Unity.exe
-adb2
-batchMode
-noUpm
-name
AssetImportWorker0
-projectPath
D:/UnityProjects/ProceduralGeneration_1
-logFile
Logs/AssetImportWorker0.log
-srvPort
60140
Successfully changed project path to: D:/UnityProjects/ProceduralGeneration_1
D:/UnityProjects/ProceduralGeneration_1
Using Asset Import Pipeline V2.
Refreshing native plugins compatible for Editor in 26.07 ms, found 1 plugins.
Preloading 0 native plugins for Editor in 0.00 ms.
Initialize engine version: 2020.2.1f1 (270dd8c3da1c)
[Subsystems] Discovering subsystems at path C:/Program Files/Unity/Hub/Editor/2020.2.1f1/Editor/Data/Resources/UnitySubsystems
[Subsystems] Discovering subsystems at path D:/UnityProjects/ProceduralGeneration_1/Assets
GfxDevice: creating device client; threaded=0
Direct3D:
    Version:  Direct3D 11.0 [level 11.1]
    Renderer: NVIDIA GeForce RTX 2070 (ID=0x1f02)
    Vendor:   
    VRAM:     8031 MB
    Driver:   27.21.14.6140
Initialize mono
Mono path[0] = 'C:/Program Files/Unity/Hub/Editor/2020.2.1f1/Editor/Data/Managed'
Mono path[1] = 'C:/Program Files/Unity/Hub/Editor/2020.2.1f1/Editor/Data/MonoBleedingEdge/lib/mono/unityjit'
Mono config path = 'C:/Program Files/Unity/Hub/Editor/2020.2.1f1/Editor/Data/MonoBleedingEdge/etc'
Using monoOptions --debugger-agent=transport=dt_socket,embedding=1,server=y,suspend=n,address=127.0.0.1:56968
Begin MonoManager ReloadAssembly
Registering precompiled unity dll's ...
Register platform support module: C:/Program Files/Unity/Hub/Editor/2020.2.1f1/Editor/Data/PlaybackEngines/WindowsStandaloneSupport/UnityEditor.WindowsStandalone.Extensions.dll
Registered in 0.001231 seconds.
Native extension for WindowsStandalone target not found
Refreshing native plugins compatible for Editor in 26.59 ms, found 1 plugins.
Preloading 0 native plugins for Editor in 0.00 ms.
Invoked RoslynAnalysisRunner static constructor.
RoslynAnalysisRunner will not be running.
RoslynAnalysisRunner has terminated.
Mono: successfully reloaded assembly
- Completed reload, in  1.544 seconds
Platform modules already initialized, skipping
Registering precompiled user dll's ...
Registered in 0.000579 seconds.
Begin MonoManager ReloadAssembly
Native extension for WindowsStandalone target not found
Refreshing native plugins compatible for Editor in 28.77 ms, found 1 plugins.
Preloading 0 native plugins for Editor in 0.00 ms.
Invoked RoslynAnalysisRunner static constructor.
RoslynAnalysisRunner will not be running.
RoslynAnalysisRunner has terminated.
Mono: successfully reloaded assembly
- Completed reload, in  0.750 seconds
Platform modules already initialized, skipping
========================================================================
Worker process is ready to serve import requests
Launched and connected shader compiler UnityShaderCompiler.exe after 0.02 seconds
Refreshing native plugins compatible for Editor in 0.23 ms, found 1 plugins.
Preloading 0 native plugins for Editor in 0.00 ms.
Unloading 1791 Unused Serialized files (Serialized files now loaded: 0)
System memory in use before: 84.2 MB.
System memory in use after: 84.2 MB.

Unloading 24 unused Assets to reduce memory usage. Loaded Objects now: 2233.
Total: 1.537800 ms (FindLiveObjects: 0.130400 ms CreateObjectMapping: 0.052100 ms MarkObjects: 1.279700 ms  DeleteObjects: 0.074800 ms)

========================================================================
Received Import Request.
  path: Assets/Prefab/old/Room_LR_old.prefab
  artifactKey: Guid(a965ca6e2528bd342b6afdd5ca21796d) Importer(815301076,1909f56bfc062723c751e8b465ee728b)
Start importing Assets/Prefab/old/Room_LR_old.prefab using Guid(a965ca6e2528bd342b6afdd5ca21796d) Importer(815301076,1909f56bfc062723c751e8b465ee728b)  -> (artifact id: '6898cf9803b2a6f3e5883c4c45c25e64') in 0.070557 seconds
  Import took 0.094412 seconds .

========================================================================
Received Import Request.
  Time since last request: 2.856953 seconds.
  path: Assets/Prefab/old/Room_LR_old.prefab
  artifactKey: Guid(a965ca6e2528bd342b6afdd5ca21796d) Importer(815301076,1909f56bfc062723c751e8b465ee728b)
Start importing Assets/Prefab/old/Room_LR_old.prefab using Guid(a965ca6e2528bd342b6afdd5ca21796d) Importer(815301076,1909f56bfc062723c751e8b465ee728b)  -> (artifact id: '285cb9cbfabfc6e394001bdd409421f0') in 0.004769 seconds
  Import took 0.026869 seconds .

========================================================================
Received Import Request.
  Time since last request: 2243.165676 seconds.
  path: Assets/Prefab/old/Room_LR_old.prefab
  artifactKey: Guid(a965ca6e2528bd342b6afdd5ca21796d) Importer(815301076,1909f56bfc062723c751e8b465ee728b)
Start importing Assets/Prefab/old/Room_LR_old.prefab using Guid(a965ca6e2528bd342b6afdd5ca21796d) Importer(815301076,1909f56bfc062723c751e8b465ee728b)  -> (artifact id: '1645cabe6b71edd7dcde8231d2d731b5') in 0.006510 seconds
  Import took 0.030163 seconds .

========================================================================
Received Import Request.
  Time since last request: 3.195826 seconds.
  path: Assets/Prefab/old/Room_LR_old.prefab
  artifactKey: Guid(a965ca6e2528bd342b6afdd5ca21796d) Importer(815301076,1909f56bfc062723c751e8b465ee728b)
Start importing Assets/Prefab/old/Room_LR_old.prefab using Guid(a965ca6e2528bd342b6afdd5ca21796d) Importer(815301076,1909f56bfc062723c751e8b465ee728b)  -> (artifact id: '6991d8fd7f3f36b59eb1200eb81275b8') in 0.004413 seconds
  Import took 0.015713 seconds .

========================================================================
Received Import Request.
  Time since last request: 2.592666 seconds.
  path: Assets/Prefab/old/Room_LR_old.prefab
  artifactKey: Guid(a965ca6e2528bd342b6afdd5ca21796d) Importer(815301076,1909f56bfc062723c751e8b465ee728b)
Start importing Assets/Prefab/old/Room_LR_old.prefab using Guid(a965ca6e2528bd342b6afdd5ca21796d) Importer(815301076,1909f56bfc062723c751e8b465ee728b)  -> (artifact id: '6fc201d5f148cf8da21f0da6e715c3f0') in 0.004144 seconds
  Import took 0.006523 seconds .

========================================================================
Received Import Request.
  Time since last request: 3.825222 seconds.
  path: Assets/Prefab/old/Room_LR_old.prefab
  artifactKey: Guid(a965ca6e2528bd342b6afdd5ca21796d) Importer(815301076,1909f56bfc062723c751e8b465ee728b)
Start importing Assets/Prefab/old/Room_LR_old.prefab using Guid(a965ca6e2528bd342b6afdd5ca21796d) Importer(815301076,1909f56bfc062723c751e8b465ee728b)  -> (artifact id: 'aec3429e26a1323c5f015ed132796228') in 0.004241 seconds
  Import took 0.018757 seconds .

========================================================================
Received Import Request.
  Time since last request: 2.801976 seconds.
  path: Assets/Prefab/old/Room_LR_old.prefab
  artifactKey: Guid(a965ca6e2528bd342b6afdd5ca21796d) Importer(815301076,1909f56bfc062723c751e8b465ee728b)
Start importing Assets/Prefab/old/Room_LR_old.prefab using Guid(a965ca6e2528bd342b6afdd5ca21796d) Importer(815301076,1909f56bfc062723c751e8b465ee728b)  -> (artifact id: 'c1f481264995d040a307c693baaf7434') in 0.004152 seconds
  Import took 0.018454 seconds .

========================================================================
Received Import Request.
  Time since last request: 3.204594 seconds.
  path: Assets/Prefab/old/Room_LR_old.prefab
  artifactKey: Guid(a965ca6e2528bd342b6afdd5ca21796d) Importer(815301076,1909f56bfc062723c751e8b465ee728b)
Start importing Assets/Prefab/old/Room_LR_old.prefab using Guid(a965ca6e2528bd342b6afdd5ca21796d) Importer(815301076,1909f56bfc062723c751e8b465ee728b)  -> (artifact id: '5ab2f3ee1e7d133928a0b91253a22194') in 0.004699 seconds
  Import took 0.007100 seconds .

========================================================================
Received Import Request.
  Time since last request: 2.823826 seconds.
  path: Assets/Prefab/old/Room_LR_old.prefab
  artifactKey: Guid(a965ca6e2528bd342b6afdd5ca21796d) Importer(815301076,1909f56bfc062723c751e8b465ee728b)
Start importing Assets/Prefab/old/Room_LR_old.prefab using Guid(a965ca6e2528bd342b6afdd5ca21796d) Importer(815301076,1909f56bfc062723c751e8b465ee728b)  -> (artifact id: 'e0c8a92e0ff7c791a3e1209d5bccb434') in 0.004836 seconds
  Import took 0.007057 seconds .

========================================================================
Received Import Request.
  Time since last request: 2.411227 seconds.
  path: Assets/Prefab/old/Room_LR_old.prefab
  artifactKey: Guid(a965ca6e2528bd342b6afdd5ca21796d) Importer(815301076,1909f56bfc062723c751e8b465ee728b)
Start importing Assets/Prefab/old/Room_LR_old.prefab using Guid(a965ca6e2528bd342b6afdd5ca21796d) Importer(815301076,1909f56bfc062723c751e8b465ee728b)  -> (artifact id: '9b0e216822f9260ebafaa6267a9741db') in 0.004009 seconds
  Import took 0.015913 seconds .

========================================================================
Received Import Request.
  Time since last request: 5.426040 seconds.
  path: Assets/Prefab/old/Room_LR_old.prefab
  artifactKey: Guid(a965ca6e2528bd342b6afdd5ca21796d) Importer(815301076,1909f56bfc062723c751e8b465ee728b)
Start importing Assets/Prefab/old/Room_LR_old.prefab using Guid(a965ca6e2528bd342b6afdd5ca21796d) Importer(815301076,1909f56bfc062723c751e8b465ee728b)  -> (artifact id: 'd5c90c712d23323f26d767d549f0c045') in 0.004088 seconds
  Import took 0.013337 seconds .

========================================================================
Received Import Request.
  Time since last request: 4.027365 seconds.
  path: Assets/Prefab/old/Room_LR_old.prefab
  artifactKey: Guid(a965ca6e2528bd342b6afdd5ca21796d) Importer(815301076,1909f56bfc062723c751e8b465ee728b)
Start importing Assets/Prefab/old/Room_LR_old.prefab using Guid(a965ca6e2528bd342b6afdd5ca21796d) Importer(815301076,1909f56bfc062723c751e8b465ee728b)  -> (artifact id: 'a186592aecdf05f2827125a1aa54ad29') in 0.004345 seconds
  Import took 0.020748 seconds .

========================================================================
Received Import Request.
  Time since last request: 2.802700 seconds.
  path: Assets/Prefab/old/Room_LR_old.prefab
  artifactKey: Guid(a965ca6e2528bd342b6afdd5ca21796d) Importer(815301076,1909f56bfc062723c751e8b465ee728b)
Start importing Assets/Prefab/old/Room_LR_old.prefab using Guid(a965ca6e2528bd342b6afdd5ca21796d) Importer(815301076,1909f56bfc062723c751e8b465ee728b)  -> (artifact id: 'e604bafdd3f4d44686ea60b3ea77f134') in 0.007420 seconds
  Import took 0.012652 seconds .

========================================================================
Received Import Request.
  Time since last request: 3.029335 seconds.
  path: Assets/Prefab/old/Room_LR_old.prefab
  artifactKey: Guid(a965ca6e2528bd342b6afdd5ca21796d) Importer(815301076,1909f56bfc062723c751e8b465ee728b)
Start importing Assets/Prefab/old/Room_LR_old.prefab using Guid(a965ca6e2528bd342b6afdd5ca21796d) Importer(815301076,1909f56bfc062723c751e8b465ee728b)  -> (artifact id: 'f362932b5ff12951be1c03743e9e1477') in 0.004518 seconds
  Import took 0.006917 seconds .

========================================================================
Received Import Request.
  Time since last request: 3.403809 seconds.
  path: Assets/Prefab/old/Room_LR_old.prefab
  artifactKey: Guid(a965ca6e2528bd342b6afdd5ca21796d) Importer(815301076,1909f56bfc062723c751e8b465ee728b)
Start importing Assets/Prefab/old/Room_LR_old.prefab using Guid(a965ca6e2528bd342b6afdd5ca21796d) Importer(815301076,1909f56bfc062723c751e8b465ee728b)  -> (artifact id: 'a234efbb61ac0784d3a71d9b1c1bad00') in 0.004145 seconds
  Import took 0.006312 seconds .

========================================================================
Received Import Request.
  Time since last request: 3.015707 seconds.
  path: Assets/Prefab/old/Room_LR_old.prefab
  artifactKey: Guid(a965ca6e2528bd342b6afdd5ca21796d) Importer(815301076,1909f56bfc062723c751e8b465ee728b)
Start importing Assets/Prefab/old/Room_LR_old.prefab using Guid(a965ca6e2528bd342b6afdd5ca21796d) Importer(815301076,1909f56bfc062723c751e8b465ee728b)  -> (artifact id: 'd0871c34c8db88bf8fb72c801c9c301e') in 0.004470 seconds
  Import took 0.006910 seconds .

========================================================================
Received Import Request.
  Time since last request: 3.024019 seconds.
  path: Assets/Prefab/old/Room_LR_old.prefab
  artifactKey: Guid(a965ca6e2528bd342b6afdd5ca21796d) Importer(815301076,1909f56bfc062723c751e8b465ee728b)
Start importing Assets/Prefab/old/Room_LR_old.prefab using Guid(a965ca6e2528bd342b6afdd5ca21796d) Importer(815301076,1909f56bfc062723c751e8b465ee728b)  -> (artifact id: '3148cf1407a4bea0181c0d669efdab16') in 0.004431 seconds
  Import took 0.006928 seconds .

========================================================================
Received Import Request.
  Time since last request: 3.225595 seconds.
  path: Assets/Prefab/old/Room_LR_old.prefab
  artifactKey: Guid(a965ca6e2528bd342b6afdd5ca21796d) Importer(815301076,1909f56bfc062723c751e8b465ee728b)
Start importing Assets/Prefab/old/Room_LR_old.prefab using Guid(a965ca6e2528bd342b6afdd5ca21796d) Importer(815301076,1909f56bfc062723c751e8b465ee728b)  -> (artifact id: 'c29a7f13d866cb9f699473aece0a6a4f') in 0.004044 seconds
  Import took 0.006414 seconds .

========================================================================
Received Import Request.
  Time since last request: 3.826185 seconds.
  path: Assets/Prefab/old/Room_LR_old.prefab
  artifactKey: Guid(a965ca6e2528bd342b6afdd5ca21796d) Importer(815301076,1909f56bfc062723c751e8b465ee728b)
Start importing Assets/Prefab/old/Room_LR_old.prefab using Guid(a965ca6e2528bd342b6afdd5ca21796d) Importer(815301076,1909f56bfc062723c751e8b465ee728b)  -> (artifact id: '8ac3a8b154a09ed242c46e401d7507d1') in 0.004034 seconds
  Import took 0.006512 seconds .

========================================================================
Received Import Request.
  Time since last request: 8.042927 seconds.
  path: Assets/Prefab/old/Room_LR_old.prefab
  artifactKey: Guid(a965ca6e2528bd342b6afdd5ca21796d) Importer(815301076,1909f56bfc062723c751e8b465ee728b)
Start importing Assets/Prefab/old/Room_LR_old.prefab using Guid(a965ca6e2528bd342b6afdd5ca21796d) Importer(815301076,1909f56bfc062723c751e8b465ee728b)  -> (artifact id: 'ff7a0e58a85fee3c28b4fcbb766a0a11') in 0.003874 seconds
  Import took 0.006218 seconds .

========================================================================
Received Prepare
Registering precompiled user dll's ...
Registered in 0.085079 seconds.
Begin MonoManager ReloadAssembly
Native extension for WindowsStandalone target not found
Refreshing native plugins compatible for Editor in 0.25 ms, found 1 plugins.
Preloading 0 native plugins for Editor in 0.00 ms.
Invoked RoslynAnalysisRunner static constructor.
RoslynAnalysisRunner will not be running.
RoslynAnalysisRunner has terminated.
Mono: successfully reloaded assembly
- Completed reload, in  3.360 seconds
Platform modules already initialized, skipping
Refreshing native plugins compatible for Editor in 0.23 ms, found 1 plugins.
Preloading 0 native plugins for Editor in 0.00 ms.
Unloading 1786 Unused Serialized files (Serialized files now loaded: 0)
System memory in use before: 84.3 MB.
System memory in use after: 84.3 MB.

Unloading 12 unused Assets to reduce memory usage. Loaded Objects now: 2236.
Total: 1.441600 ms (FindLiveObjects: 0.113600 ms CreateObjectMapping: 0.045000 ms MarkObjects: 1.215900 ms  DeleteObjects: 0.066500 ms)

AssetImportWorkerClient::OnTransportError - code=2 error=End of file
